2021-11-20 22:07:33,271 [Worker-2: Loading available Gradle versions] INFO  o.e.b.c.i.u.g.PublishedGradleVersions - Gradle version information cache is up-to-date. Trying to read.
2021-11-20 22:08:08,684 [Worker-13: Updating Maven Dependencies] INFO  o.e.m.c.i.l.LifecycleMappingFactory - Using org.eclipse.m2e.jdt.JarLifecycleMapping lifecycle mapping for MavenProject: com.devpro:com.devpro.shop14:0.0.1-SNAPSHOT @ C:\Users\Asus\Downloads\com.devpro.shop14\com.devpro.shop14\pom.xml.
2021-11-20 22:08:08,684 [Worker-14: Building] INFO  o.e.m.c.i.l.LifecycleMappingFactory - Using org.eclipse.m2e.jdt.JarLifecycleMapping lifecycle mapping for MavenProject: com.devpro:com.devpro.shop14:0.0.1-SNAPSHOT @ C:\Users\Asus\Downloads\com.devpro.shop14\com.devpro.shop14\pom.xml.
2021-11-20 22:08:10,718 [Worker-14: Building] INFO  o.e.m.c.i.embedder.EclipseLogger - Using 'UTF-8' encoding to copy filtered resources.
2021-11-20 22:08:10,724 [Worker-14: Building] INFO  o.e.m.c.i.embedder.EclipseLogger - Copying 1 resource
2021-11-20 22:08:10,743 [Worker-14: Building] INFO  o.e.m.c.i.embedder.EclipseLogger - Copying 37 resources
2021-11-20 22:08:10,877 [Worker-14: Building] INFO  o.e.m.c.i.embedder.EclipseLogger - Using 'UTF-8' encoding to copy filtered resources.
2021-11-20 22:08:10,878 [Worker-14: Building] INFO  o.e.m.c.i.embedder.EclipseLogger - skip non existing resourceDirectory C:\Users\Asus\Downloads\com.devpro.shop14\com.devpro.shop14\src\test\resources
2021-11-20 22:08:13,028 [Worker-5: Updating Maven Dependencies] INFO  o.e.m.c.i.l.LifecycleMappingFactory - Using org.eclipse.m2e.jdt.JarLifecycleMapping lifecycle mapping for MavenProject: com.devpro:com.devpro.shop14:0.0.1-SNAPSHOT @ C:\Users\Asus\Downloads\com.devpro.shop14\com.devpro.shop14\pom.xml.
2021-11-20 22:08:13,602 [Worker-17: Building] INFO  o.e.m.c.i.embedder.EclipseLogger - Using 'UTF-8' encoding to copy filtered resources.
2021-11-20 22:08:13,613 [Worker-17: Building] INFO  o.e.m.c.i.embedder.EclipseLogger - Copying 1 resource
2021-11-20 22:08:13,635 [Worker-17: Building] INFO  o.e.m.c.i.embedder.EclipseLogger - Copying 37 resources
2021-11-20 22:08:13,712 [Worker-17: Building] INFO  o.e.m.c.i.embedder.EclipseLogger - Using 'UTF-8' encoding to copy filtered resources.
2021-11-20 22:08:13,712 [Worker-17: Building] INFO  o.e.m.c.i.embedder.EclipseLogger - skip non existing resourceDirectory C:\Users\Asus\Downloads\com.devpro.shop14\com.devpro.shop14\src\test\resources
2021-11-20 22:08:15,774 [Worker-13: Building] INFO  o.e.m.c.i.embedder.EclipseLogger - Using 'UTF-8' encoding to copy filtered resources.
2021-11-20 22:08:15,778 [Worker-13: Building] INFO  o.e.m.c.i.embedder.EclipseLogger - Copying 1 resource
2021-11-20 22:08:15,784 [Worker-13: Building] INFO  o.e.m.c.i.embedder.EclipseLogger - Copying 37 resources
2021-11-20 22:08:15,790 [Worker-13: Building] INFO  o.e.m.c.i.embedder.EclipseLogger - Using 'UTF-8' encoding to copy filtered resources.
2021-11-20 22:08:15,790 [Worker-13: Building] INFO  o.e.m.c.i.embedder.EclipseLogger - skip non existing resourceDirectory C:\Users\Asus\Downloads\com.devpro.shop14\com.devpro.shop14\src\test\resources
2021-11-20 22:24:57,480 [Worker-0: Loading available Gradle versions] INFO  o.e.b.c.i.u.g.PublishedGradleVersions - Gradle version information cache is up-to-date. Trying to read.
2021-11-22 19:34:52,421 [Worker-2: Loading available Gradle versions] INFO  o.e.b.c.i.u.g.PublishedGradleVersions - Gradle version information cache is up-to-date. Trying to read.
2021-11-22 19:35:33,962 [Worker-18: Building] INFO  o.e.m.c.i.l.LifecycleMappingFactory - Using org.maven.ide.eclipse.wtp.WarLifecycleMapping lifecycle mapping for MavenProject: com.laptrinhjavaweb.springboot:com.laptrinhjavaweb:0.0.1-SNAPSHOT @ D:\TÚ ANH\MNM\com.laptrinhjavaweb\com.laptrinhjavaweb\pom.xml.
2021-11-22 19:35:36,426 [Worker-18: Building] INFO  o.e.m.c.i.embedder.EclipseLogger - Using 'UTF-8' encoding to copy filtered resources.
2021-11-22 19:35:36,431 [Worker-18: Building] INFO  o.e.m.c.i.embedder.EclipseLogger - Copying 1 resource
2021-11-22 19:35:36,450 [Worker-18: Building] INFO  o.e.m.c.i.embedder.EclipseLogger - Copying 49 resources
2021-11-22 19:35:36,830 [Worker-18: Building] INFO  o.e.m.c.i.embedder.EclipseLogger - Using 'UTF-8' encoding to copy filtered resources.
2021-11-22 19:35:36,830 [Worker-18: Building] INFO  o.e.m.c.i.embedder.EclipseLogger - skip non existing resourceDirectory D:\TÚ ANH\MNM\com.laptrinhjavaweb\com.laptrinhjavaweb\src\test\resources
2021-11-22 19:35:37,998 [Worker-4: Updating Maven Dependencies] INFO  o.e.m.c.i.l.LifecycleMappingFactory - Using org.maven.ide.eclipse.wtp.WarLifecycleMapping lifecycle mapping for MavenProject: com.laptrinhjavaweb.springboot:com.laptrinhjavaweb:0.0.1-SNAPSHOT @ D:\TÚ ANH\MNM\com.laptrinhjavaweb\com.laptrinhjavaweb\pom.xml.
2021-11-22 19:35:38,838 [Worker-18: Building] INFO  o.e.m.c.i.embedder.EclipseLogger - Using 'UTF-8' encoding to copy filtered resources.
2021-11-22 19:35:38,847 [Worker-18: Building] INFO  o.e.m.c.i.embedder.EclipseLogger - Copying 1 resource
2021-11-22 19:35:38,867 [Worker-18: Building] INFO  o.e.m.c.i.embedder.EclipseLogger - Copying 49 resources
2021-11-22 19:35:39,142 [Worker-18: Building] INFO  o.e.m.c.i.embedder.EclipseLogger - Using 'UTF-8' encoding to copy filtered resources.
2021-11-22 19:35:39,142 [Worker-18: Building] INFO  o.e.m.c.i.embedder.EclipseLogger - skip non existing resourceDirectory D:\TÚ ANH\MNM\com.laptrinhjavaweb\com.laptrinhjavaweb\src\test\resources
2021-11-22 19:35:40,894 [Worker-12: Building] INFO  o.e.m.c.i.embedder.EclipseLogger - Using 'UTF-8' encoding to copy filtered resources.
2021-11-22 19:35:40,894 [Worker-12: Building] INFO  o.e.m.c.i.embedder.EclipseLogger - Copying 0 resource
2021-11-22 19:35:40,894 [Worker-12: Building] INFO  o.e.m.c.i.embedder.EclipseLogger - Copying 0 resource
2021-11-22 19:35:40,897 [Worker-12: Building] INFO  o.e.m.c.i.embedder.EclipseLogger - Using 'UTF-8' encoding to copy filtered resources.
2021-11-22 19:35:40,897 [Worker-12: Building] INFO  o.e.m.c.i.embedder.EclipseLogger - skip non existing resourceDirectory D:\TÚ ANH\MNM\com.laptrinhjavaweb\com.laptrinhjavaweb\src\test\resources
2021-11-22 19:40:29,975 [Worker-15: Periodic workspace save.] ERROR o.e.m.c.i.p.r.ProjectRegistryReader - Can't write workspace state
java.io.IOException: There is not enough space on the disk
	at java.base/java.io.FileOutputStream.writeBytes(Native Method)
	at java.base/java.io.FileOutputStream.write(FileOutputStream.java:354)
	at java.base/java.io.BufferedOutputStream.flushBuffer(BufferedOutputStream.java:81)
	at java.base/java.io.BufferedOutputStream.write(BufferedOutputStream.java:127)
	at java.base/java.io.ObjectOutputStream$BlockDataOutputStream.drain(ObjectOutputStream.java:1883)
	at java.base/java.io.ObjectOutputStream$BlockDataOutputStream.setBlockDataMode(ObjectOutputStream.java:1792)
	at java.base/java.io.ObjectOutputStream.writeNonProxyDesc(ObjectOutputStream.java:1287)
	at java.base/java.io.ObjectOutputStream.writeClassDesc(ObjectOutputStream.java:1232)
	at java.base/java.io.ObjectOutputStream.writeOrdinaryObject(ObjectOutputStream.java:1428)
	at java.base/java.io.ObjectOutputStream.writeObject0(ObjectOutputStream.java:1179)
	at java.base/java.io.ObjectOutputStream.writeFatalException(ObjectOutputStream.java:1583)
	at java.base/java.io.ObjectOutputStream.writeObject(ObjectOutputStream.java:352)
	at org.eclipse.m2e.core.internal.project.registry.ProjectRegistryReader.writeWorkspaceState(ProjectRegistryReader.java:171)
	at org.eclipse.m2e.core.internal.project.registry.ProjectRegistryManager.writeWorkspaceState(ProjectRegistryManager.java:996)
	at org.eclipse.m2e.core.internal.MavenPluginActivator$1.saving(MavenPluginActivator.java:143)
	at org.eclipse.core.internal.resources.SaveManager.executeLifecycle(SaveManager.java:387)
	at org.eclipse.core.internal.resources.SaveManager$1.run(SaveManager.java:204)
	at org.eclipse.core.runtime.SafeRunner.run(SafeRunner.java:45)
	at org.eclipse.core.internal.resources.SaveManager.broadcastLifecycle(SaveManager.java:207)
	at org.eclipse.core.internal.resources.SaveManager.save(SaveManager.java:1164)
	at org.eclipse.core.internal.resources.SaveManager.save(SaveManager.java:1143)
	at org.eclipse.core.internal.resources.DelayedSnapshotJob.run(DelayedSnapshotJob.java:55)
	at org.eclipse.core.internal.jobs.Worker.run(Worker.java:63)
2021-11-22 20:33:09,823 [Worker-6: Loading available Gradle versions] INFO  o.e.b.c.i.u.g.PublishedGradleVersions - Gradle version information cache is up-to-date. Trying to read.
2021-11-22 20:33:15,441 [Worker-10: Building] INFO  o.e.m.c.i.embedder.EclipseLogger - Using 'UTF-8' encoding to copy filtered resources.
2021-11-22 20:33:15,451 [Worker-10: Building] INFO  o.e.m.c.i.embedder.EclipseLogger - Copying 1 resource
2021-11-22 20:33:15,490 [Worker-10: Building] INFO  o.e.m.c.i.embedder.EclipseLogger - Copying 49 resources
2021-11-22 20:33:15,501 [Worker-10: Building] INFO  o.e.m.c.i.embedder.EclipseLogger - Using 'UTF-8' encoding to copy filtered resources.
2021-11-22 20:33:15,502 [Worker-10: Building] INFO  o.e.m.c.i.embedder.EclipseLogger - skip non existing resourceDirectory D:\TÚ ANH\MNM\com.laptrinhjavaweb\com.laptrinhjavaweb\src\test\resources
